Fri, 31 Mar 2023 03:52:13 GMT: successfully added agent id 0x513ea736ece122e1859c1c5a895fb767a8a932b757441eff0cadefa6b8d180ac with manifest QmViWEPzkpkQowYJLqsdMgWaGWBTEtjnkJu8LVYwTjAHUB
Sat, 01 Apr 2023 04:04:52 GMT: successfully updated agent id 0x513ea736ece122e1859c1c5a895fb767a8a932b757441eff0cadefa6b8d180ac with manifest QmX4t1MR6Pt3VzcNg5hgNPpn6piXPGDHoAZnC1EW2fPi9f
Sat, 01 Apr 2023 04:33:18 GMT: successfully updated agent id 0x513ea736ece122e1859c1c5a895fb767a8a932b757441eff0cadefa6b8d180ac with manifest Qmb8MAw8fFtMibBeVB1PsHzAxEJ5KoTYC9Ym99J6wwovfR
Mon, 03 Apr 2023 02:30:22 GMT: successfully updated agent id 0x513ea736ece122e1859c1c5a895fb767a8a932b757441eff0cadefa6b8d180ac with manifest QmaXmf9tKAfBBDqSd94ZrTr1Gx1t2RAkRk56pNnmNCBHnT
Sun, 09 Apr 2023 17:14:06 GMT: successfully updated agent id 0x513ea736ece122e1859c1c5a895fb767a8a932b757441eff0cadefa6b8d180ac with manifest QmUv8hbUBzhiANWDWUiXCAqYzySFqkqzQH72pff6iPe6Q4
Thu, 20 Apr 2023 16:27:22 GMT: successfully updated agent id 0x513ea736ece122e1859c1c5a895fb767a8a932b757441eff0cadefa6b8d180ac with manifest QmQK2ha1oZuGKnjtUAy9kZoQStBhZBhhTn6RABAeRL12MH
Wed, 10 May 2023 03:59:18 GMT: successfully added agent id 0xfe9d37ccc6c67ea628fd7a276286c543000fdd23cc0efe4f682c6a54fd2480c7 with manifest QmR73bPbzz621jzL4x1mqtjcssKGzKE86i2AJmnqWT2BFJ
Wed, 10 May 2023 04:20:24 GMT: successfully updated agent id 0x513ea736ece122e1859c1c5a895fb767a8a932b757441eff0cadefa6b8d180ac with manifest QmQQWzBLrioV6LX93xV7NLLySpfEns9uc3mKhiomdAcSfD
Wed, 10 May 2023 04:33:22 GMT: successfully updated agent id 0x513ea736ece122e1859c1c5a895fb767a8a932b757441eff0cadefa6b8d180ac with manifest QmagAQRQYgVUijCJg9hy7xexspxiqbgqhaohzPkgsEaN2x
Wed, 10 May 2023 18:33:34 GMT: successfully updated agent id 0x513ea736ece122e1859c1c5a895fb767a8a932b757441eff0cadefa6b8d180ac with manifest QmW8JK7MzNbZY9yDwx3ngdxmxUJ1wh2qPtnxqfk6PYyLbD
Thu, 11 May 2023 12:20:22 GMT: successfully updated agent id 0x513ea736ece122e1859c1c5a895fb767a8a932b757441eff0cadefa6b8d180ac with manifest QmWyuctTBiXXt3dT2fyPcFQDkYLBwZHsgT5gPTrJuKajVq
Thu, 11 May 2023 17:40:58 GMT: successfully updated agent id 0x513ea736ece122e1859c1c5a895fb767a8a932b757441eff0cadefa6b8d180ac with manifest QmWvt3CubkQ2TV7f5z2mExfzaesgHJRd6k2R796jzvYFyh
Tue, 16 May 2023 19:08:43 GMT: successfully updated agent id 0x513ea736ece122e1859c1c5a895fb767a8a932b757441eff0cadefa6b8d180ac with manifest QmUZngVWT5ZJEcbvH8FcTU7pQ1XNBYC6hsdEyf41hftGGi
Tue, 16 May 2023 19:49:47 GMT: successfully updated agent id 0x513ea736ece122e1859c1c5a895fb767a8a932b757441eff0cadefa6b8d180ac with manifest QmXYHWFZcnaDSVKDritgND3Z8ytL5cp8VYyK986WaQUiHU
Wed, 24 May 2023 14:59:39 GMT: successfully updated agent id 0xfe9d37ccc6c67ea628fd7a276286c543000fdd23cc0efe4f682c6a54fd2480c7 with manifest QmfHkUwnAUinmcGWAxjpfwvAVYveXpWQzFPrRjPVuC5SFq
Wed, 24 May 2023 15:05:23 GMT: successfully updated agent id 0x513ea736ece122e1859c1c5a895fb767a8a932b757441eff0cadefa6b8d180ac with manifest QmZYHeAoSnarV7K6YKvTAgCLPB2uKsCpKPNQsgPihfLiJj
Fri, 26 May 2023 16:39:28 GMT: successfully updated agent id 0x513ea736ece122e1859c1c5a895fb767a8a932b757441eff0cadefa6b8d180ac with manifest QmPBtsnN4gm8V3AoGW6DEcF1417DRwapVf5M3WHJKixmJk
Thu, 01 Jun 2023 20:30:22 GMT: successfully updated agent id 0x513ea736ece122e1859c1c5a895fb767a8a932b757441eff0cadefa6b8d180ac with manifest QmQr24hqaUxhEZcwPiY34L6A3MK4y96XFfjgsKhKKYnfMe
Fri, 02 Jun 2023 02:23:07 GMT: successfully updated agent id 0x513ea736ece122e1859c1c5a895fb767a8a932b757441eff0cadefa6b8d180ac with manifest QmarBczHQb4xVTHN2wQpBxpLgFMdDh5Lk9eo2QxonWb2nL
Fri, 16 Jun 2023 05:25:32 GMT: successfully updated agent id 0x513ea736ece122e1859c1c5a895fb767a8a932b757441eff0cadefa6b8d180ac with manifest QmSWEApg994FfgpVDHnf4UaxinhgXJT1YhMve9kcsJpoLo
Mon, 19 Jun 2023 19:56:00 GMT: successfully updated agent id 0x513ea736ece122e1859c1c5a895fb767a8a932b757441eff0cadefa6b8d180ac with manifest QmSpEvqrNuXndwjyJx4X918Y6sqFSsqqH3Ki7C4DuPRxQe
Thu, 22 Jun 2023 22:38:53 GMT: successfully updated agent id 0x513ea736ece122e1859c1c5a895fb767a8a932b757441eff0cadefa6b8d180ac with manifest QmPNj8NtDg9w3A6NHwcjsHwZHveZuCxri43uVQuVAPJ8Zn
Tue, 27 Jun 2023 03:28:47 GMT: successfully updated agent id 0x513ea736ece122e1859c1c5a895fb767a8a932b757441eff0cadefa6b8d180ac with manifest QmTJgRz7WsJt82RBJ56RPCYeCfNeRAfbqaNXtxHSiUUeXm
